[2024-12-16T00:58:11.147+0000] {processor.py:157} INFO - Started process (PID=49) to work on /opt/airflow/dags/tuyensinh_dag.py
[2024-12-16T00:58:11.148+0000] {processor.py:829} INFO - Processing file /opt/airflow/dags/tuyensinh_dag.py for tasks to queue
[2024-12-16T00:58:11.151+0000] {logging_mixin.py:151} INFO - [2024-12-16T00:58:11.151+0000] {dagbag.py:539} INFO - Filling up the DagBag from /opt/airflow/dags/tuyensinh_dag.py
[2024-12-16T00:58:13.514+0000] {processor.py:839} INFO - DAG(s) dict_keys(['tuyensinh_pipeline']) retrieved from /opt/airflow/dags/tuyensinh_dag.py
[2024-12-16T00:58:13.649+0000] {logging_mixin.py:151} INFO - [2024-12-16T00:58:13.649+0000] {security.py:708} INFO - Not syncing DAG-level permissions for DAG 'DAG:tuyensinh_pipeline' as access control is unset.
[2024-12-16T00:58:13.650+0000] {logging_mixin.py:151} INFO - [2024-12-16T00:58:13.650+0000] {dag.py:2915} INFO - Sync 1 DAGs
[2024-12-16T00:58:13.668+0000] {logging_mixin.py:151} INFO - [2024-12-16T00:58:13.668+0000] {dag.py:3696} INFO - Setting next_dagrun for tuyensinh_pipeline to 2024-12-16T00:00:00+00:00, run_after=2024-12-17T00:00:00+00:00
[2024-12-16T00:58:13.696+0000] {processor.py:179} INFO - Processing /opt/airflow/dags/tuyensinh_dag.py took 2.552 seconds
[2024-12-16T00:58:21.261+0000] {processor.py:157} INFO - Started process (PID=58) to work on /opt/airflow/dags/tuyensinh_dag.py
[2024-12-16T00:58:21.261+0000] {processor.py:829} INFO - Processing file /opt/airflow/dags/tuyensinh_dag.py for tasks to queue
[2024-12-16T00:58:21.263+0000] {logging_mixin.py:151} INFO - [2024-12-16T00:58:21.263+0000] {dagbag.py:539} INFO - Filling up the DagBag from /opt/airflow/dags/tuyensinh_dag.py
[2024-12-16T00:58:22.250+0000] {processor.py:839} INFO - DAG(s) dict_keys(['tuyensinh_pipeline']) retrieved from /opt/airflow/dags/tuyensinh_dag.py
[2024-12-16T00:58:22.270+0000] {logging_mixin.py:151} INFO - [2024-12-16T00:58:22.270+0000] {taskinstance.py:1937} ERROR - {'DAG Id': 'tuyensinh_pipeline', 'Task Id': 'process_qna_stage1', 'Run Id': 'manual__2024-12-15T16:31:44.409384+00:00', 'Hostname': 'c2e1e1d4ea8c', 'External Executor Id': '5914d491-1900-414e-8e80-ef0c0bd3e229'}
[2024-12-16T00:58:22.286+0000] {logging_mixin.py:151} INFO - [2024-12-16T00:58:22.286+0000] {taskinstance.py:1398} INFO - Marking task as FAILED. dag_id=tuyensinh_pipeline, task_id=process_qna_stage1, execution_date=20241215T163144, start_date=20241215T163151, end_date=20241216T005822
[2024-12-16T00:58:22.293+0000] {processor.py:790} INFO - Executed failure callback for <TaskInstance: tuyensinh_pipeline.process_qna_stage1 manual__2024-12-15T16:31:44.409384+00:00 [failed]> in state failed
[2024-12-16T00:58:22.302+0000] {logging_mixin.py:151} INFO - [2024-12-16T00:58:22.301+0000] {dag.py:2915} INFO - Sync 1 DAGs
[2024-12-16T00:58:22.317+0000] {logging_mixin.py:151} INFO - [2024-12-16T00:58:22.317+0000] {dag.py:3696} INFO - Setting next_dagrun for tuyensinh_pipeline to 2024-12-16T00:00:00+00:00, run_after=2024-12-17T00:00:00+00:00
[2024-12-16T00:58:22.336+0000] {processor.py:179} INFO - Processing /opt/airflow/dags/tuyensinh_dag.py took 1.077 seconds
[2024-12-16T00:58:31.316+0000] {processor.py:157} INFO - Started process (PID=60) to work on /opt/airflow/dags/tuyensinh_dag.py
[2024-12-16T00:58:31.317+0000] {processor.py:829} INFO - Processing file /opt/airflow/dags/tuyensinh_dag.py for tasks to queue
[2024-12-16T00:58:31.319+0000] {logging_mixin.py:151} INFO - [2024-12-16T00:58:31.319+0000] {dagbag.py:539} INFO - Filling up the DagBag from /opt/airflow/dags/tuyensinh_dag.py
[2024-12-16T00:58:32.297+0000] {processor.py:839} INFO - DAG(s) dict_keys(['tuyensinh_pipeline']) retrieved from /opt/airflow/dags/tuyensinh_dag.py
[2024-12-16T00:58:32.316+0000] {logging_mixin.py:151} INFO - [2024-12-16T00:58:32.316+0000] {taskinstance.py:1937} ERROR - {'DAG Id': 'tuyensinh_pipeline', 'Task Id': 'process_qna_stage1', 'Run Id': 'manual__2024-12-15T16:31:48.866692+00:00', 'Hostname': 'c2e1e1d4ea8c', 'External Executor Id': 'b1227fc9-c587-4eb2-bff0-32e075eb2565'}
[2024-12-16T00:58:32.332+0000] {logging_mixin.py:151} INFO - [2024-12-16T00:58:32.331+0000] {taskinstance.py:1398} INFO - Marking task as FAILED. dag_id=tuyensinh_pipeline, task_id=process_qna_stage1, execution_date=20241215T163148, start_date=20241215T163206, end_date=20241216T005832
[2024-12-16T00:58:32.340+0000] {processor.py:790} INFO - Executed failure callback for <TaskInstance: tuyensinh_pipeline.process_qna_stage1 manual__2024-12-15T16:31:48.866692+00:00 [failed]> in state failed
[2024-12-16T00:58:32.342+0000] {logging_mixin.py:151} INFO - [2024-12-16T00:58:32.342+0000] {taskinstance.py:1937} ERROR - {'DAG Id': 'tuyensinh_pipeline', 'Task Id': 'process_qna_stage1', 'Run Id': 'manual__2024-12-15T16:31:48.866692+00:00', 'Hostname': 'c2e1e1d4ea8c', 'External Executor Id': 'b1227fc9-c587-4eb2-bff0-32e075eb2565'}
[2024-12-16T00:58:32.352+0000] {logging_mixin.py:151} INFO - [2024-12-16T00:58:32.351+0000] {taskinstance.py:1398} INFO - Marking task as FAILED. dag_id=tuyensinh_pipeline, task_id=process_qna_stage1, execution_date=20241215T163148, start_date=20241215T163206, end_date=20241216T005832
[2024-12-16T00:58:32.355+0000] {processor.py:790} INFO - Executed failure callback for <TaskInstance: tuyensinh_pipeline.process_qna_stage1 manual__2024-12-15T16:31:48.866692+00:00 [failed]> in state failed
[2024-12-16T00:58:32.363+0000] {logging_mixin.py:151} INFO - [2024-12-16T00:58:32.363+0000] {dag.py:2915} INFO - Sync 1 DAGs
[2024-12-16T00:58:32.381+0000] {logging_mixin.py:151} INFO - [2024-12-16T00:58:32.381+0000] {dag.py:3696} INFO - Setting next_dagrun for tuyensinh_pipeline to 2024-12-16T00:00:00+00:00, run_after=2024-12-17T00:00:00+00:00
[2024-12-16T00:58:32.402+0000] {processor.py:179} INFO - Processing /opt/airflow/dags/tuyensinh_dag.py took 1.090 seconds
[2024-12-16T00:59:02.543+0000] {processor.py:157} INFO - Started process (PID=62) to work on /opt/airflow/dags/tuyensinh_dag.py
[2024-12-16T00:59:02.543+0000] {processor.py:829} INFO - Processing file /opt/airflow/dags/tuyensinh_dag.py for tasks to queue
[2024-12-16T00:59:02.545+0000] {logging_mixin.py:151} INFO - [2024-12-16T00:59:02.545+0000] {dagbag.py:539} INFO - Filling up the DagBag from /opt/airflow/dags/tuyensinh_dag.py
[2024-12-16T00:59:03.582+0000] {processor.py:839} INFO - DAG(s) dict_keys(['tuyensinh_pipeline']) retrieved from /opt/airflow/dags/tuyensinh_dag.py
[2024-12-16T00:59:03.601+0000] {logging_mixin.py:151} INFO - [2024-12-16T00:59:03.600+0000] {dag.py:2915} INFO - Sync 1 DAGs
[2024-12-16T00:59:03.617+0000] {logging_mixin.py:151} INFO - [2024-12-16T00:59:03.617+0000] {dag.py:3696} INFO - Setting next_dagrun for tuyensinh_pipeline to 2024-12-16T00:00:00+00:00, run_after=2024-12-17T00:00:00+00:00
[2024-12-16T00:59:03.638+0000] {processor.py:179} INFO - Processing /opt/airflow/dags/tuyensinh_dag.py took 1.098 seconds
[2024-12-16T00:59:33.697+0000] {processor.py:157} INFO - Started process (PID=69) to work on /opt/airflow/dags/tuyensinh_dag.py
[2024-12-16T00:59:33.698+0000] {processor.py:829} INFO - Processing file /opt/airflow/dags/tuyensinh_dag.py for tasks to queue
[2024-12-16T00:59:33.700+0000] {logging_mixin.py:151} INFO - [2024-12-16T00:59:33.700+0000] {dagbag.py:539} INFO - Filling up the DagBag from /opt/airflow/dags/tuyensinh_dag.py
[2024-12-16T00:59:34.630+0000] {processor.py:839} INFO - DAG(s) dict_keys(['tuyensinh_pipeline']) retrieved from /opt/airflow/dags/tuyensinh_dag.py
[2024-12-16T00:59:34.651+0000] {logging_mixin.py:151} INFO - [2024-12-16T00:59:34.651+0000] {dag.py:2915} INFO - Sync 1 DAGs
[2024-12-16T00:59:34.670+0000] {logging_mixin.py:151} INFO - [2024-12-16T00:59:34.670+0000] {dag.py:3696} INFO - Setting next_dagrun for tuyensinh_pipeline to 2024-12-16T00:00:00+00:00, run_after=2024-12-17T00:00:00+00:00
[2024-12-16T00:59:34.703+0000] {processor.py:179} INFO - Processing /opt/airflow/dags/tuyensinh_dag.py took 1.008 seconds
[2024-12-16T01:00:04.850+0000] {processor.py:157} INFO - Started process (PID=71) to work on /opt/airflow/dags/tuyensinh_dag.py
[2024-12-16T01:00:04.851+0000] {processor.py:829} INFO - Processing file /opt/airflow/dags/tuyensinh_dag.py for tasks to queue
[2024-12-16T01:00:04.853+0000] {logging_mixin.py:151} INFO - [2024-12-16T01:00:04.853+0000] {dagbag.py:539} INFO - Filling up the DagBag from /opt/airflow/dags/tuyensinh_dag.py
[2024-12-16T01:00:05.841+0000] {processor.py:839} INFO - DAG(s) dict_keys(['tuyensinh_pipeline']) retrieved from /opt/airflow/dags/tuyensinh_dag.py
[2024-12-16T01:00:05.862+0000] {logging_mixin.py:151} INFO - [2024-12-16T01:00:05.861+0000] {dag.py:2915} INFO - Sync 1 DAGs
[2024-12-16T01:00:05.879+0000] {logging_mixin.py:151} INFO - [2024-12-16T01:00:05.879+0000] {dag.py:3696} INFO - Setting next_dagrun for tuyensinh_pipeline to 2024-12-16T00:00:00+00:00, run_after=2024-12-17T00:00:00+00:00
[2024-12-16T01:00:05.900+0000] {processor.py:179} INFO - Processing /opt/airflow/dags/tuyensinh_dag.py took 1.052 seconds
[2024-12-16T01:00:36.009+0000] {processor.py:157} INFO - Started process (PID=73) to work on /opt/airflow/dags/tuyensinh_dag.py
[2024-12-16T01:00:36.009+0000] {processor.py:829} INFO - Processing file /opt/airflow/dags/tuyensinh_dag.py for tasks to queue
[2024-12-16T01:00:36.012+0000] {logging_mixin.py:151} INFO - [2024-12-16T01:00:36.011+0000] {dagbag.py:539} INFO - Filling up the DagBag from /opt/airflow/dags/tuyensinh_dag.py
[2024-12-16T01:00:37.133+0000] {processor.py:839} INFO - DAG(s) dict_keys(['tuyensinh_pipeline']) retrieved from /opt/airflow/dags/tuyensinh_dag.py
[2024-12-16T01:00:37.154+0000] {logging_mixin.py:151} INFO - [2024-12-16T01:00:37.154+0000] {dag.py:2915} INFO - Sync 1 DAGs
[2024-12-16T01:00:37.172+0000] {logging_mixin.py:151} INFO - [2024-12-16T01:00:37.172+0000] {dag.py:3696} INFO - Setting next_dagrun for tuyensinh_pipeline to 2024-12-16T00:00:00+00:00, run_after=2024-12-17T00:00:00+00:00
[2024-12-16T01:00:37.193+0000] {processor.py:179} INFO - Processing /opt/airflow/dags/tuyensinh_dag.py took 1.187 seconds
[2024-12-16T01:01:07.343+0000] {processor.py:157} INFO - Started process (PID=75) to work on /opt/airflow/dags/tuyensinh_dag.py
[2024-12-16T01:01:07.344+0000] {processor.py:829} INFO - Processing file /opt/airflow/dags/tuyensinh_dag.py for tasks to queue
[2024-12-16T01:01:07.347+0000] {logging_mixin.py:151} INFO - [2024-12-16T01:01:07.347+0000] {dagbag.py:539} INFO - Filling up the DagBag from /opt/airflow/dags/tuyensinh_dag.py
[2024-12-16T01:01:08.321+0000] {processor.py:839} INFO - DAG(s) dict_keys(['tuyensinh_pipeline']) retrieved from /opt/airflow/dags/tuyensinh_dag.py
[2024-12-16T01:01:08.346+0000] {logging_mixin.py:151} INFO - [2024-12-16T01:01:08.345+0000] {dag.py:2915} INFO - Sync 1 DAGs
[2024-12-16T01:01:08.363+0000] {logging_mixin.py:151} INFO - [2024-12-16T01:01:08.362+0000] {dag.py:3696} INFO - Setting next_dagrun for tuyensinh_pipeline to 2024-12-16T00:00:00+00:00, run_after=2024-12-17T00:00:00+00:00
[2024-12-16T01:01:08.380+0000] {processor.py:179} INFO - Processing /opt/airflow/dags/tuyensinh_dag.py took 1.040 seconds
[2024-12-16T01:01:38.498+0000] {processor.py:157} INFO - Started process (PID=77) to work on /opt/airflow/dags/tuyensinh_dag.py
[2024-12-16T01:01:38.498+0000] {processor.py:829} INFO - Processing file /opt/airflow/dags/tuyensinh_dag.py for tasks to queue
[2024-12-16T01:01:38.500+0000] {logging_mixin.py:151} INFO - [2024-12-16T01:01:38.500+0000] {dagbag.py:539} INFO - Filling up the DagBag from /opt/airflow/dags/tuyensinh_dag.py
[2024-12-16T01:01:39.423+0000] {processor.py:839} INFO - DAG(s) dict_keys(['tuyensinh_pipeline']) retrieved from /opt/airflow/dags/tuyensinh_dag.py
[2024-12-16T01:01:39.445+0000] {logging_mixin.py:151} INFO - [2024-12-16T01:01:39.445+0000] {dag.py:2915} INFO - Sync 1 DAGs
[2024-12-16T01:01:39.464+0000] {logging_mixin.py:151} INFO - [2024-12-16T01:01:39.464+0000] {dag.py:3696} INFO - Setting next_dagrun for tuyensinh_pipeline to 2024-12-16T00:00:00+00:00, run_after=2024-12-17T00:00:00+00:00
[2024-12-16T01:01:39.489+0000] {processor.py:179} INFO - Processing /opt/airflow/dags/tuyensinh_dag.py took 0.994 seconds
[2024-12-16T01:02:09.653+0000] {processor.py:157} INFO - Started process (PID=79) to work on /opt/airflow/dags/tuyensinh_dag.py
[2024-12-16T01:02:09.653+0000] {processor.py:829} INFO - Processing file /opt/airflow/dags/tuyensinh_dag.py for tasks to queue
[2024-12-16T01:02:09.655+0000] {logging_mixin.py:151} INFO - [2024-12-16T01:02:09.655+0000] {dagbag.py:539} INFO - Filling up the DagBag from /opt/airflow/dags/tuyensinh_dag.py
[2024-12-16T01:02:10.622+0000] {processor.py:839} INFO - DAG(s) dict_keys(['tuyensinh_pipeline']) retrieved from /opt/airflow/dags/tuyensinh_dag.py
[2024-12-16T01:02:10.649+0000] {logging_mixin.py:151} INFO - [2024-12-16T01:02:10.649+0000] {dag.py:2915} INFO - Sync 1 DAGs
[2024-12-16T01:02:10.669+0000] {logging_mixin.py:151} INFO - [2024-12-16T01:02:10.669+0000] {dag.py:3696} INFO - Setting next_dagrun for tuyensinh_pipeline to 2024-12-16T00:00:00+00:00, run_after=2024-12-17T00:00:00+00:00
[2024-12-16T01:02:10.690+0000] {processor.py:179} INFO - Processing /opt/airflow/dags/tuyensinh_dag.py took 1.039 seconds
[2024-12-16T01:02:40.815+0000] {processor.py:157} INFO - Started process (PID=81) to work on /opt/airflow/dags/tuyensinh_dag.py
[2024-12-16T01:02:40.815+0000] {processor.py:829} INFO - Processing file /opt/airflow/dags/tuyensinh_dag.py for tasks to queue
[2024-12-16T01:02:40.817+0000] {logging_mixin.py:151} INFO - [2024-12-16T01:02:40.817+0000] {dagbag.py:539} INFO - Filling up the DagBag from /opt/airflow/dags/tuyensinh_dag.py
[2024-12-16T01:02:41.811+0000] {processor.py:839} INFO - DAG(s) dict_keys(['tuyensinh_pipeline']) retrieved from /opt/airflow/dags/tuyensinh_dag.py
[2024-12-16T01:02:41.830+0000] {logging_mixin.py:151} INFO - [2024-12-16T01:02:41.830+0000] {dag.py:2915} INFO - Sync 1 DAGs
[2024-12-16T01:02:41.848+0000] {logging_mixin.py:151} INFO - [2024-12-16T01:02:41.847+0000] {dag.py:3696} INFO - Setting next_dagrun for tuyensinh_pipeline to 2024-12-16T00:00:00+00:00, run_after=2024-12-17T00:00:00+00:00
[2024-12-16T01:02:41.868+0000] {processor.py:179} INFO - Processing /opt/airflow/dags/tuyensinh_dag.py took 1.056 seconds
[2024-12-16T01:03:11.988+0000] {processor.py:157} INFO - Started process (PID=83) to work on /opt/airflow/dags/tuyensinh_dag.py
[2024-12-16T01:03:11.989+0000] {processor.py:829} INFO - Processing file /opt/airflow/dags/tuyensinh_dag.py for tasks to queue
[2024-12-16T01:03:11.992+0000] {logging_mixin.py:151} INFO - [2024-12-16T01:03:11.991+0000] {dagbag.py:539} INFO - Filling up the DagBag from /opt/airflow/dags/tuyensinh_dag.py
[2024-12-16T01:03:12.952+0000] {processor.py:839} INFO - DAG(s) dict_keys(['tuyensinh_pipeline']) retrieved from /opt/airflow/dags/tuyensinh_dag.py
[2024-12-16T01:03:12.973+0000] {logging_mixin.py:151} INFO - [2024-12-16T01:03:12.973+0000] {dag.py:2915} INFO - Sync 1 DAGs
[2024-12-16T01:03:12.990+0000] {logging_mixin.py:151} INFO - [2024-12-16T01:03:12.989+0000] {dag.py:3696} INFO - Setting next_dagrun for tuyensinh_pipeline to 2024-12-16T00:00:00+00:00, run_after=2024-12-17T00:00:00+00:00
[2024-12-16T01:03:13.009+0000] {processor.py:179} INFO - Processing /opt/airflow/dags/tuyensinh_dag.py took 1.024 seconds
[2024-12-16T01:03:43.146+0000] {processor.py:157} INFO - Started process (PID=85) to work on /opt/airflow/dags/tuyensinh_dag.py
[2024-12-16T01:03:43.147+0000] {processor.py:829} INFO - Processing file /opt/airflow/dags/tuyensinh_dag.py for tasks to queue
[2024-12-16T01:03:43.149+0000] {logging_mixin.py:151} INFO - [2024-12-16T01:03:43.148+0000] {dagbag.py:539} INFO - Filling up the DagBag from /opt/airflow/dags/tuyensinh_dag.py
[2024-12-16T01:03:44.066+0000] {processor.py:839} INFO - DAG(s) dict_keys(['tuyensinh_pipeline']) retrieved from /opt/airflow/dags/tuyensinh_dag.py
[2024-12-16T01:03:44.087+0000] {logging_mixin.py:151} INFO - [2024-12-16T01:03:44.087+0000] {dag.py:2915} INFO - Sync 1 DAGs
[2024-12-16T01:03:44.105+0000] {logging_mixin.py:151} INFO - [2024-12-16T01:03:44.105+0000] {dag.py:3696} INFO - Setting next_dagrun for tuyensinh_pipeline to 2024-12-16T00:00:00+00:00, run_after=2024-12-17T00:00:00+00:00
[2024-12-16T01:03:44.126+0000] {processor.py:179} INFO - Processing /opt/airflow/dags/tuyensinh_dag.py took 0.982 seconds
[2024-12-16T01:04:14.298+0000] {processor.py:157} INFO - Started process (PID=87) to work on /opt/airflow/dags/tuyensinh_dag.py
[2024-12-16T01:04:14.298+0000] {processor.py:829} INFO - Processing file /opt/airflow/dags/tuyensinh_dag.py for tasks to queue
[2024-12-16T01:04:14.300+0000] {logging_mixin.py:151} INFO - [2024-12-16T01:04:14.300+0000] {dagbag.py:539} INFO - Filling up the DagBag from /opt/airflow/dags/tuyensinh_dag.py
[2024-12-16T01:04:15.288+0000] {processor.py:839} INFO - DAG(s) dict_keys(['tuyensinh_pipeline']) retrieved from /opt/airflow/dags/tuyensinh_dag.py
[2024-12-16T01:04:15.308+0000] {logging_mixin.py:151} INFO - [2024-12-16T01:04:15.308+0000] {dag.py:2915} INFO - Sync 1 DAGs
[2024-12-16T01:04:15.324+0000] {logging_mixin.py:151} INFO - [2024-12-16T01:04:15.324+0000] {dag.py:3696} INFO - Setting next_dagrun for tuyensinh_pipeline to 2024-12-16T00:00:00+00:00, run_after=2024-12-17T00:00:00+00:00
[2024-12-16T01:04:15.344+0000] {processor.py:179} INFO - Processing /opt/airflow/dags/tuyensinh_dag.py took 1.050 seconds
[2024-12-16T01:04:45.452+0000] {processor.py:157} INFO - Started process (PID=89) to work on /opt/airflow/dags/tuyensinh_dag.py
[2024-12-16T01:04:45.453+0000] {processor.py:829} INFO - Processing file /opt/airflow/dags/tuyensinh_dag.py for tasks to queue
[2024-12-16T01:04:45.455+0000] {logging_mixin.py:151} INFO - [2024-12-16T01:04:45.455+0000] {dagbag.py:539} INFO - Filling up the DagBag from /opt/airflow/dags/tuyensinh_dag.py
[2024-12-16T01:04:46.455+0000] {processor.py:839} INFO - DAG(s) dict_keys(['tuyensinh_pipeline']) retrieved from /opt/airflow/dags/tuyensinh_dag.py
[2024-12-16T01:04:46.475+0000] {logging_mixin.py:151} INFO - [2024-12-16T01:04:46.475+0000] {dag.py:2915} INFO - Sync 1 DAGs
[2024-12-16T01:04:46.494+0000] {logging_mixin.py:151} INFO - [2024-12-16T01:04:46.494+0000] {dag.py:3696} INFO - Setting next_dagrun for tuyensinh_pipeline to 2024-12-16T00:00:00+00:00, run_after=2024-12-17T00:00:00+00:00
[2024-12-16T01:04:46.515+0000] {processor.py:179} INFO - Processing /opt/airflow/dags/tuyensinh_dag.py took 1.065 seconds
[2024-12-16T01:05:16.623+0000] {processor.py:157} INFO - Started process (PID=91) to work on /opt/airflow/dags/tuyensinh_dag.py
[2024-12-16T01:05:16.624+0000] {processor.py:829} INFO - Processing file /opt/airflow/dags/tuyensinh_dag.py for tasks to queue
[2024-12-16T01:05:16.626+0000] {logging_mixin.py:151} INFO - [2024-12-16T01:05:16.626+0000] {dagbag.py:539} INFO - Filling up the DagBag from /opt/airflow/dags/tuyensinh_dag.py
[2024-12-16T01:05:17.563+0000] {processor.py:839} INFO - DAG(s) dict_keys(['tuyensinh_pipeline']) retrieved from /opt/airflow/dags/tuyensinh_dag.py
[2024-12-16T01:05:17.582+0000] {logging_mixin.py:151} INFO - [2024-12-16T01:05:17.581+0000] {dag.py:2915} INFO - Sync 1 DAGs
[2024-12-16T01:05:17.598+0000] {logging_mixin.py:151} INFO - [2024-12-16T01:05:17.598+0000] {dag.py:3696} INFO - Setting next_dagrun for tuyensinh_pipeline to 2024-12-16T00:00:00+00:00, run_after=2024-12-17T00:00:00+00:00
[2024-12-16T01:05:17.619+0000] {processor.py:179} INFO - Processing /opt/airflow/dags/tuyensinh_dag.py took 0.999 seconds
[2024-12-16T01:05:47.777+0000] {processor.py:157} INFO - Started process (PID=93) to work on /opt/airflow/dags/tuyensinh_dag.py
[2024-12-16T01:05:47.778+0000] {processor.py:829} INFO - Processing file /opt/airflow/dags/tuyensinh_dag.py for tasks to queue
[2024-12-16T01:05:47.779+0000] {logging_mixin.py:151} INFO - [2024-12-16T01:05:47.779+0000] {dagbag.py:539} INFO - Filling up the DagBag from /opt/airflow/dags/tuyensinh_dag.py
[2024-12-16T01:05:48.742+0000] {processor.py:839} INFO - DAG(s) dict_keys(['tuyensinh_pipeline']) retrieved from /opt/airflow/dags/tuyensinh_dag.py
[2024-12-16T01:05:48.764+0000] {logging_mixin.py:151} INFO - [2024-12-16T01:05:48.764+0000] {dag.py:2915} INFO - Sync 1 DAGs
[2024-12-16T01:05:48.782+0000] {logging_mixin.py:151} INFO - [2024-12-16T01:05:48.782+0000] {dag.py:3696} INFO - Setting next_dagrun for tuyensinh_pipeline to 2024-12-16T00:00:00+00:00, run_after=2024-12-17T00:00:00+00:00
[2024-12-16T01:05:48.801+0000] {processor.py:179} INFO - Processing /opt/airflow/dags/tuyensinh_dag.py took 1.026 seconds
[2024-12-16T01:06:18.936+0000] {processor.py:157} INFO - Started process (PID=95) to work on /opt/airflow/dags/tuyensinh_dag.py
[2024-12-16T01:06:18.937+0000] {processor.py:829} INFO - Processing file /opt/airflow/dags/tuyensinh_dag.py for tasks to queue
[2024-12-16T01:06:18.939+0000] {logging_mixin.py:151} INFO - [2024-12-16T01:06:18.939+0000] {dagbag.py:539} INFO - Filling up the DagBag from /opt/airflow/dags/tuyensinh_dag.py
[2024-12-16T01:06:19.885+0000] {processor.py:839} INFO - DAG(s) dict_keys(['tuyensinh_pipeline']) retrieved from /opt/airflow/dags/tuyensinh_dag.py
[2024-12-16T01:06:19.905+0000] {logging_mixin.py:151} INFO - [2024-12-16T01:06:19.905+0000] {dag.py:2915} INFO - Sync 1 DAGs
[2024-12-16T01:06:19.923+0000] {logging_mixin.py:151} INFO - [2024-12-16T01:06:19.923+0000] {dag.py:3696} INFO - Setting next_dagrun for tuyensinh_pipeline to 2024-12-16T00:00:00+00:00, run_after=2024-12-17T00:00:00+00:00
[2024-12-16T01:06:19.943+0000] {processor.py:179} INFO - Processing /opt/airflow/dags/tuyensinh_dag.py took 1.011 seconds
[2024-12-16T01:06:50.092+0000] {processor.py:157} INFO - Started process (PID=97) to work on /opt/airflow/dags/tuyensinh_dag.py
[2024-12-16T01:06:50.093+0000] {processor.py:829} INFO - Processing file /opt/airflow/dags/tuyensinh_dag.py for tasks to queue
[2024-12-16T01:06:50.095+0000] {logging_mixin.py:151} INFO - [2024-12-16T01:06:50.095+0000] {dagbag.py:539} INFO - Filling up the DagBag from /opt/airflow/dags/tuyensinh_dag.py
[2024-12-16T01:06:51.042+0000] {processor.py:839} INFO - DAG(s) dict_keys(['tuyensinh_pipeline']) retrieved from /opt/airflow/dags/tuyensinh_dag.py
[2024-12-16T01:06:51.063+0000] {logging_mixin.py:151} INFO - [2024-12-16T01:06:51.063+0000] {dag.py:2915} INFO - Sync 1 DAGs
[2024-12-16T01:06:51.079+0000] {logging_mixin.py:151} INFO - [2024-12-16T01:06:51.079+0000] {dag.py:3696} INFO - Setting next_dagrun for tuyensinh_pipeline to 2024-12-16T00:00:00+00:00, run_after=2024-12-17T00:00:00+00:00
[2024-12-16T01:06:51.098+0000] {processor.py:179} INFO - Processing /opt/airflow/dags/tuyensinh_dag.py took 1.008 seconds
[2024-12-16T01:07:21.245+0000] {processor.py:157} INFO - Started process (PID=99) to work on /opt/airflow/dags/tuyensinh_dag.py
[2024-12-16T01:07:21.246+0000] {processor.py:829} INFO - Processing file /opt/airflow/dags/tuyensinh_dag.py for tasks to queue
[2024-12-16T01:07:21.248+0000] {logging_mixin.py:151} INFO - [2024-12-16T01:07:21.248+0000] {dagbag.py:539} INFO - Filling up the DagBag from /opt/airflow/dags/tuyensinh_dag.py
[2024-12-16T01:07:22.199+0000] {processor.py:839} INFO - DAG(s) dict_keys(['tuyensinh_pipeline']) retrieved from /opt/airflow/dags/tuyensinh_dag.py
[2024-12-16T01:07:22.220+0000] {logging_mixin.py:151} INFO - [2024-12-16T01:07:22.220+0000] {dag.py:2915} INFO - Sync 1 DAGs
[2024-12-16T01:07:22.237+0000] {logging_mixin.py:151} INFO - [2024-12-16T01:07:22.237+0000] {dag.py:3696} INFO - Setting next_dagrun for tuyensinh_pipeline to 2024-12-16T00:00:00+00:00, run_after=2024-12-17T00:00:00+00:00
[2024-12-16T01:07:22.256+0000] {processor.py:179} INFO - Processing /opt/airflow/dags/tuyensinh_dag.py took 1.013 seconds
[2024-12-16T01:07:52.402+0000] {processor.py:157} INFO - Started process (PID=101) to work on /opt/airflow/dags/tuyensinh_dag.py
[2024-12-16T01:07:52.402+0000] {processor.py:829} INFO - Processing file /opt/airflow/dags/tuyensinh_dag.py for tasks to queue
[2024-12-16T01:07:52.404+0000] {logging_mixin.py:151} INFO - [2024-12-16T01:07:52.404+0000] {dagbag.py:539} INFO - Filling up the DagBag from /opt/airflow/dags/tuyensinh_dag.py
[2024-12-16T01:07:53.395+0000] {processor.py:839} INFO - DAG(s) dict_keys(['tuyensinh_pipeline']) retrieved from /opt/airflow/dags/tuyensinh_dag.py
[2024-12-16T01:07:53.416+0000] {logging_mixin.py:151} INFO - [2024-12-16T01:07:53.416+0000] {dag.py:2915} INFO - Sync 1 DAGs
[2024-12-16T01:07:53.434+0000] {logging_mixin.py:151} INFO - [2024-12-16T01:07:53.433+0000] {dag.py:3696} INFO - Setting next_dagrun for tuyensinh_pipeline to 2024-12-16T00:00:00+00:00, run_after=2024-12-17T00:00:00+00:00
[2024-12-16T01:07:53.454+0000] {processor.py:179} INFO - Processing /opt/airflow/dags/tuyensinh_dag.py took 1.055 seconds
[2024-12-16T01:07:59.479+0000] {processor.py:157} INFO - Started process (PID=103) to work on /opt/airflow/dags/tuyensinh_dag.py
[2024-12-16T01:07:59.480+0000] {processor.py:829} INFO - Processing file /opt/airflow/dags/tuyensinh_dag.py for tasks to queue
[2024-12-16T01:07:59.482+0000] {logging_mixin.py:151} INFO - [2024-12-16T01:07:59.481+0000] {dagbag.py:539} INFO - Filling up the DagBag from /opt/airflow/dags/tuyensinh_dag.py
[2024-12-16T01:08:00.422+0000] {processor.py:839} INFO - DAG(s) dict_keys(['tuyensinh_pipeline']) retrieved from /opt/airflow/dags/tuyensinh_dag.py
[2024-12-16T01:08:00.501+0000] {logging_mixin.py:151} INFO - [2024-12-16T01:08:00.500+0000] {security.py:708} INFO - Not syncing DAG-level permissions for DAG 'DAG:tuyensinh_pipeline' as access control is unset.
[2024-12-16T01:08:00.501+0000] {logging_mixin.py:151} INFO - [2024-12-16T01:08:00.501+0000] {dag.py:2915} INFO - Sync 1 DAGs
[2024-12-16T01:08:00.518+0000] {logging_mixin.py:151} INFO - [2024-12-16T01:08:00.517+0000] {dag.py:3696} INFO - Setting next_dagrun for tuyensinh_pipeline to 2024-12-16T00:00:00+00:00, run_after=2024-12-17T00:00:00+00:00
[2024-12-16T01:08:00.541+0000] {processor.py:179} INFO - Processing /opt/airflow/dags/tuyensinh_dag.py took 1.065 seconds
[2024-12-16T01:08:30.669+0000] {processor.py:157} INFO - Started process (PID=105) to work on /opt/airflow/dags/tuyensinh_dag.py
[2024-12-16T01:08:30.670+0000] {processor.py:829} INFO - Processing file /opt/airflow/dags/tuyensinh_dag.py for tasks to queue
[2024-12-16T01:08:30.672+0000] {logging_mixin.py:151} INFO - [2024-12-16T01:08:30.671+0000] {dagbag.py:539} INFO - Filling up the DagBag from /opt/airflow/dags/tuyensinh_dag.py
[2024-12-16T01:08:31.703+0000] {processor.py:839} INFO - DAG(s) dict_keys(['tuyensinh_pipeline']) retrieved from /opt/airflow/dags/tuyensinh_dag.py
[2024-12-16T01:08:31.725+0000] {logging_mixin.py:151} INFO - [2024-12-16T01:08:31.724+0000] {dag.py:2915} INFO - Sync 1 DAGs
[2024-12-16T01:08:31.742+0000] {logging_mixin.py:151} INFO - [2024-12-16T01:08:31.742+0000] {dag.py:3696} INFO - Setting next_dagrun for tuyensinh_pipeline to 2024-12-16T00:00:00+00:00, run_after=2024-12-17T00:00:00+00:00
[2024-12-16T01:08:31.766+0000] {processor.py:179} INFO - Processing /opt/airflow/dags/tuyensinh_dag.py took 1.099 seconds
[2024-12-16T01:09:01.822+0000] {processor.py:157} INFO - Started process (PID=114) to work on /opt/airflow/dags/tuyensinh_dag.py
[2024-12-16T01:09:01.822+0000] {processor.py:829} INFO - Processing file /opt/airflow/dags/tuyensinh_dag.py for tasks to queue
[2024-12-16T01:09:01.824+0000] {logging_mixin.py:151} INFO - [2024-12-16T01:09:01.824+0000] {dagbag.py:539} INFO - Filling up the DagBag from /opt/airflow/dags/tuyensinh_dag.py
[2024-12-16T01:09:02.767+0000] {processor.py:839} INFO - DAG(s) dict_keys(['tuyensinh_pipeline']) retrieved from /opt/airflow/dags/tuyensinh_dag.py
[2024-12-16T01:09:02.787+0000] {logging_mixin.py:151} INFO - [2024-12-16T01:09:02.787+0000] {dag.py:2915} INFO - Sync 1 DAGs
[2024-12-16T01:09:02.804+0000] {logging_mixin.py:151} INFO - [2024-12-16T01:09:02.804+0000] {dag.py:3696} INFO - Setting next_dagrun for tuyensinh_pipeline to 2024-12-16T00:00:00+00:00, run_after=2024-12-17T00:00:00+00:00
[2024-12-16T01:09:02.826+0000] {processor.py:179} INFO - Processing /opt/airflow/dags/tuyensinh_dag.py took 1.007 seconds
[2024-12-16T01:09:32.973+0000] {processor.py:157} INFO - Started process (PID=116) to work on /opt/airflow/dags/tuyensinh_dag.py
[2024-12-16T01:09:32.974+0000] {processor.py:829} INFO - Processing file /opt/airflow/dags/tuyensinh_dag.py for tasks to queue
[2024-12-16T01:09:32.976+0000] {logging_mixin.py:151} INFO - [2024-12-16T01:09:32.976+0000] {dagbag.py:539} INFO - Filling up the DagBag from /opt/airflow/dags/tuyensinh_dag.py
[2024-12-16T01:09:33.926+0000] {processor.py:839} INFO - DAG(s) dict_keys(['tuyensinh_pipeline']) retrieved from /opt/airflow/dags/tuyensinh_dag.py
[2024-12-16T01:09:33.948+0000] {logging_mixin.py:151} INFO - [2024-12-16T01:09:33.947+0000] {dag.py:2915} INFO - Sync 1 DAGs
[2024-12-16T01:09:33.965+0000] {logging_mixin.py:151} INFO - [2024-12-16T01:09:33.965+0000] {dag.py:3696} INFO - Setting next_dagrun for tuyensinh_pipeline to 2024-12-16T00:00:00+00:00, run_after=2024-12-17T00:00:00+00:00
[2024-12-16T01:09:33.987+0000] {processor.py:179} INFO - Processing /opt/airflow/dags/tuyensinh_dag.py took 1.016 seconds
[2024-12-16T01:09:35.003+0000] {processor.py:157} INFO - Started process (PID=118) to work on /opt/airflow/dags/tuyensinh_dag.py
[2024-12-16T01:09:35.004+0000] {processor.py:829} INFO - Processing file /opt/airflow/dags/tuyensinh_dag.py for tasks to queue
[2024-12-16T01:09:35.007+0000] {logging_mixin.py:151} INFO - [2024-12-16T01:09:35.007+0000] {dagbag.py:539} INFO - Filling up the DagBag from /opt/airflow/dags/tuyensinh_dag.py
[2024-12-16T01:09:35.947+0000] {processor.py:839} INFO - DAG(s) dict_keys(['tuyensinh_pipeline']) retrieved from /opt/airflow/dags/tuyensinh_dag.py
[2024-12-16T01:09:36.031+0000] {logging_mixin.py:151} INFO - [2024-12-16T01:09:36.030+0000] {security.py:708} INFO - Not syncing DAG-level permissions for DAG 'DAG:tuyensinh_pipeline' as access control is unset.
[2024-12-16T01:09:36.032+0000] {logging_mixin.py:151} INFO - [2024-12-16T01:09:36.031+0000] {dag.py:2915} INFO - Sync 1 DAGs
[2024-12-16T01:09:36.049+0000] {logging_mixin.py:151} INFO - [2024-12-16T01:09:36.049+0000] {dag.py:3696} INFO - Setting next_dagrun for tuyensinh_pipeline to 2024-12-16T00:00:00+00:00, run_after=2024-12-17T00:00:00+00:00
[2024-12-16T01:09:36.074+0000] {processor.py:179} INFO - Processing /opt/airflow/dags/tuyensinh_dag.py took 1.073 seconds
[2024-12-16T01:10:06.161+0000] {processor.py:157} INFO - Started process (PID=120) to work on /opt/airflow/dags/tuyensinh_dag.py
[2024-12-16T01:10:06.163+0000] {processor.py:829} INFO - Processing file /opt/airflow/dags/tuyensinh_dag.py for tasks to queue
[2024-12-16T01:10:06.165+0000] {logging_mixin.py:151} INFO - [2024-12-16T01:10:06.165+0000] {dagbag.py:539} INFO - Filling up the DagBag from /opt/airflow/dags/tuyensinh_dag.py
[2024-12-16T01:10:07.064+0000] {processor.py:839} INFO - DAG(s) dict_keys(['tuyensinh_pipeline']) retrieved from /opt/airflow/dags/tuyensinh_dag.py
[2024-12-16T01:10:07.083+0000] {logging_mixin.py:151} INFO - [2024-12-16T01:10:07.083+0000] {dag.py:2915} INFO - Sync 1 DAGs
[2024-12-16T01:10:07.100+0000] {logging_mixin.py:151} INFO - [2024-12-16T01:10:07.100+0000] {dag.py:3696} INFO - Setting next_dagrun for tuyensinh_pipeline to 2024-12-16T00:00:00+00:00, run_after=2024-12-17T00:00:00+00:00
[2024-12-16T01:10:07.125+0000] {processor.py:179} INFO - Processing /opt/airflow/dags/tuyensinh_dag.py took 0.967 seconds
[2024-12-16T01:10:37.316+0000] {processor.py:157} INFO - Started process (PID=122) to work on /opt/airflow/dags/tuyensinh_dag.py
[2024-12-16T01:10:37.317+0000] {processor.py:829} INFO - Processing file /opt/airflow/dags/tuyensinh_dag.py for tasks to queue
[2024-12-16T01:10:37.320+0000] {logging_mixin.py:151} INFO - [2024-12-16T01:10:37.320+0000] {dagbag.py:539} INFO - Filling up the DagBag from /opt/airflow/dags/tuyensinh_dag.py
[2024-12-16T01:10:38.641+0000] {processor.py:839} INFO - DAG(s) dict_keys(['tuyensinh_pipeline']) retrieved from /opt/airflow/dags/tuyensinh_dag.py
[2024-12-16T01:10:38.673+0000] {logging_mixin.py:151} INFO - [2024-12-16T01:10:38.673+0000] {dag.py:2915} INFO - Sync 1 DAGs
[2024-12-16T01:10:38.709+0000] {logging_mixin.py:151} INFO - [2024-12-16T01:10:38.709+0000] {dag.py:3696} INFO - Setting next_dagrun for tuyensinh_pipeline to 2024-12-16T00:00:00+00:00, run_after=2024-12-17T00:00:00+00:00
[2024-12-16T01:10:38.741+0000] {processor.py:179} INFO - Processing /opt/airflow/dags/tuyensinh_dag.py took 1.430 seconds
[2024-12-16T01:11:08.906+0000] {processor.py:157} INFO - Started process (PID=124) to work on /opt/airflow/dags/tuyensinh_dag.py
[2024-12-16T01:11:08.907+0000] {processor.py:829} INFO - Processing file /opt/airflow/dags/tuyensinh_dag.py for tasks to queue
[2024-12-16T01:11:08.909+0000] {logging_mixin.py:151} INFO - [2024-12-16T01:11:08.909+0000] {dagbag.py:539} INFO - Filling up the DagBag from /opt/airflow/dags/tuyensinh_dag.py
[2024-12-16T01:11:09.846+0000] {processor.py:839} INFO - DAG(s) dict_keys(['tuyensinh_pipeline']) retrieved from /opt/airflow/dags/tuyensinh_dag.py
[2024-12-16T01:11:09.867+0000] {logging_mixin.py:151} INFO - [2024-12-16T01:11:09.867+0000] {dag.py:2915} INFO - Sync 1 DAGs
[2024-12-16T01:11:09.886+0000] {logging_mixin.py:151} INFO - [2024-12-16T01:11:09.886+0000] {dag.py:3696} INFO - Setting next_dagrun for tuyensinh_pipeline to 2024-12-16T00:00:00+00:00, run_after=2024-12-17T00:00:00+00:00
[2024-12-16T01:11:09.906+0000] {processor.py:179} INFO - Processing /opt/airflow/dags/tuyensinh_dag.py took 1.003 seconds
[2024-12-16T01:11:40.058+0000] {processor.py:157} INFO - Started process (PID=126) to work on /opt/airflow/dags/tuyensinh_dag.py
[2024-12-16T01:11:40.058+0000] {processor.py:829} INFO - Processing file /opt/airflow/dags/tuyensinh_dag.py for tasks to queue
[2024-12-16T01:11:40.060+0000] {logging_mixin.py:151} INFO - [2024-12-16T01:11:40.060+0000] {dagbag.py:539} INFO - Filling up the DagBag from /opt/airflow/dags/tuyensinh_dag.py
[2024-12-16T01:11:40.977+0000] {processor.py:839} INFO - DAG(s) dict_keys(['tuyensinh_pipeline']) retrieved from /opt/airflow/dags/tuyensinh_dag.py
[2024-12-16T01:11:40.996+0000] {logging_mixin.py:151} INFO - [2024-12-16T01:11:40.995+0000] {dag.py:2915} INFO - Sync 1 DAGs
[2024-12-16T01:11:41.013+0000] {logging_mixin.py:151} INFO - [2024-12-16T01:11:41.013+0000] {dag.py:3696} INFO - Setting next_dagrun for tuyensinh_pipeline to 2024-12-16T00:00:00+00:00, run_after=2024-12-17T00:00:00+00:00
[2024-12-16T01:11:41.034+0000] {processor.py:179} INFO - Processing /opt/airflow/dags/tuyensinh_dag.py took 0.979 seconds
[2024-12-16T01:12:11.201+0000] {processor.py:157} INFO - Started process (PID=128) to work on /opt/airflow/dags/tuyensinh_dag.py
[2024-12-16T01:12:11.202+0000] {processor.py:829} INFO - Processing file /opt/airflow/dags/tuyensinh_dag.py for tasks to queue
[2024-12-16T01:12:11.204+0000] {logging_mixin.py:151} INFO - [2024-12-16T01:12:11.204+0000] {dagbag.py:539} INFO - Filling up the DagBag from /opt/airflow/dags/tuyensinh_dag.py
[2024-12-16T01:12:12.139+0000] {processor.py:839} INFO - DAG(s) dict_keys(['tuyensinh_pipeline']) retrieved from /opt/airflow/dags/tuyensinh_dag.py
[2024-12-16T01:12:12.158+0000] {logging_mixin.py:151} INFO - [2024-12-16T01:12:12.158+0000] {dag.py:2915} INFO - Sync 1 DAGs
[2024-12-16T01:12:12.175+0000] {logging_mixin.py:151} INFO - [2024-12-16T01:12:12.175+0000] {dag.py:3696} INFO - Setting next_dagrun for tuyensinh_pipeline to 2024-12-16T00:00:00+00:00, run_after=2024-12-17T00:00:00+00:00
[2024-12-16T01:12:12.194+0000] {processor.py:179} INFO - Processing /opt/airflow/dags/tuyensinh_dag.py took 0.995 seconds
[2024-12-16T01:12:42.349+0000] {processor.py:157} INFO - Started process (PID=130) to work on /opt/airflow/dags/tuyensinh_dag.py
[2024-12-16T01:12:42.352+0000] {processor.py:829} INFO - Processing file /opt/airflow/dags/tuyensinh_dag.py for tasks to queue
[2024-12-16T01:12:42.359+0000] {logging_mixin.py:151} INFO - [2024-12-16T01:12:42.359+0000] {dagbag.py:539} INFO - Filling up the DagBag from /opt/airflow/dags/tuyensinh_dag.py
[2024-12-16T01:12:43.293+0000] {processor.py:839} INFO - DAG(s) dict_keys(['tuyensinh_pipeline']) retrieved from /opt/airflow/dags/tuyensinh_dag.py
[2024-12-16T01:12:43.312+0000] {logging_mixin.py:151} INFO - [2024-12-16T01:12:43.312+0000] {dag.py:2915} INFO - Sync 1 DAGs
[2024-12-16T01:12:43.328+0000] {logging_mixin.py:151} INFO - [2024-12-16T01:12:43.328+0000] {dag.py:3696} INFO - Setting next_dagrun for tuyensinh_pipeline to 2024-12-16T00:00:00+00:00, run_after=2024-12-17T00:00:00+00:00
[2024-12-16T01:12:43.351+0000] {processor.py:179} INFO - Processing /opt/airflow/dags/tuyensinh_dag.py took 1.004 seconds
[2024-12-16T01:13:13.525+0000] {processor.py:157} INFO - Started process (PID=132) to work on /opt/airflow/dags/tuyensinh_dag.py
[2024-12-16T01:13:13.525+0000] {processor.py:829} INFO - Processing file /opt/airflow/dags/tuyensinh_dag.py for tasks to queue
[2024-12-16T01:13:13.527+0000] {logging_mixin.py:151} INFO - [2024-12-16T01:13:13.527+0000] {dagbag.py:539} INFO - Filling up the DagBag from /opt/airflow/dags/tuyensinh_dag.py
[2024-12-16T01:13:14.485+0000] {processor.py:839} INFO - DAG(s) dict_keys(['tuyensinh_pipeline']) retrieved from /opt/airflow/dags/tuyensinh_dag.py
[2024-12-16T01:13:14.503+0000] {logging_mixin.py:151} INFO - [2024-12-16T01:13:14.503+0000] {dag.py:2915} INFO - Sync 1 DAGs
[2024-12-16T01:13:14.519+0000] {logging_mixin.py:151} INFO - [2024-12-16T01:13:14.519+0000] {dag.py:3696} INFO - Setting next_dagrun for tuyensinh_pipeline to 2024-12-16T00:00:00+00:00, run_after=2024-12-17T00:00:00+00:00
[2024-12-16T01:13:14.539+0000] {processor.py:179} INFO - Processing /opt/airflow/dags/tuyensinh_dag.py took 1.017 seconds
[2024-12-16T01:13:44.685+0000] {processor.py:157} INFO - Started process (PID=134) to work on /opt/airflow/dags/tuyensinh_dag.py
[2024-12-16T01:13:44.686+0000] {processor.py:829} INFO - Processing file /opt/airflow/dags/tuyensinh_dag.py for tasks to queue
[2024-12-16T01:13:44.688+0000] {logging_mixin.py:151} INFO - [2024-12-16T01:13:44.688+0000] {dagbag.py:539} INFO - Filling up the DagBag from /opt/airflow/dags/tuyensinh_dag.py
[2024-12-16T01:13:45.799+0000] {processor.py:839} INFO - DAG(s) dict_keys(['tuyensinh_pipeline']) retrieved from /opt/airflow/dags/tuyensinh_dag.py
[2024-12-16T01:13:45.818+0000] {logging_mixin.py:151} INFO - [2024-12-16T01:13:45.818+0000] {dag.py:2915} INFO - Sync 1 DAGs
[2024-12-16T01:13:45.836+0000] {logging_mixin.py:151} INFO - [2024-12-16T01:13:45.836+0000] {dag.py:3696} INFO - Setting next_dagrun for tuyensinh_pipeline to 2024-12-16T00:00:00+00:00, run_after=2024-12-17T00:00:00+00:00
[2024-12-16T01:13:45.856+0000] {processor.py:179} INFO - Processing /opt/airflow/dags/tuyensinh_dag.py took 1.175 seconds
[2024-12-16T01:14:15.992+0000] {processor.py:157} INFO - Started process (PID=136) to work on /opt/airflow/dags/tuyensinh_dag.py
[2024-12-16T01:14:15.993+0000] {processor.py:829} INFO - Processing file /opt/airflow/dags/tuyensinh_dag.py for tasks to queue
[2024-12-16T01:14:15.995+0000] {logging_mixin.py:151} INFO - [2024-12-16T01:14:15.995+0000] {dagbag.py:539} INFO - Filling up the DagBag from /opt/airflow/dags/tuyensinh_dag.py
[2024-12-16T01:14:16.984+0000] {processor.py:839} INFO - DAG(s) dict_keys(['tuyensinh_pipeline']) retrieved from /opt/airflow/dags/tuyensinh_dag.py
[2024-12-16T01:14:17.005+0000] {logging_mixin.py:151} INFO - [2024-12-16T01:14:17.005+0000] {dag.py:2915} INFO - Sync 1 DAGs
[2024-12-16T01:14:17.026+0000] {logging_mixin.py:151} INFO - [2024-12-16T01:14:17.025+0000] {dag.py:3696} INFO - Setting next_dagrun for tuyensinh_pipeline to 2024-12-16T00:00:00+00:00, run_after=2024-12-17T00:00:00+00:00
[2024-12-16T01:14:17.048+0000] {processor.py:179} INFO - Processing /opt/airflow/dags/tuyensinh_dag.py took 1.059 seconds
[2024-12-16T01:14:47.143+0000] {processor.py:157} INFO - Started process (PID=138) to work on /opt/airflow/dags/tuyensinh_dag.py
[2024-12-16T01:14:47.144+0000] {processor.py:829} INFO - Processing file /opt/airflow/dags/tuyensinh_dag.py for tasks to queue
[2024-12-16T01:14:47.146+0000] {logging_mixin.py:151} INFO - [2024-12-16T01:14:47.146+0000] {dagbag.py:539} INFO - Filling up the DagBag from /opt/airflow/dags/tuyensinh_dag.py
[2024-12-16T01:14:48.006+0000] {processor.py:839} INFO - DAG(s) dict_keys(['tuyensinh_pipeline']) retrieved from /opt/airflow/dags/tuyensinh_dag.py
[2024-12-16T01:14:48.026+0000] {logging_mixin.py:151} INFO - [2024-12-16T01:14:48.025+0000] {dag.py:2915} INFO - Sync 1 DAGs
[2024-12-16T01:14:48.042+0000] {logging_mixin.py:151} INFO - [2024-12-16T01:14:48.042+0000] {dag.py:3696} INFO - Setting next_dagrun for tuyensinh_pipeline to 2024-12-16T00:00:00+00:00, run_after=2024-12-17T00:00:00+00:00
[2024-12-16T01:14:48.062+0000] {processor.py:179} INFO - Processing /opt/airflow/dags/tuyensinh_dag.py took 0.921 seconds
[2024-12-16T01:15:18.232+0000] {processor.py:157} INFO - Started process (PID=140) to work on /opt/airflow/dags/tuyensinh_dag.py
[2024-12-16T01:15:18.233+0000] {processor.py:829} INFO - Processing file /opt/airflow/dags/tuyensinh_dag.py for tasks to queue
[2024-12-16T01:15:18.235+0000] {logging_mixin.py:151} INFO - [2024-12-16T01:15:18.234+0000] {dagbag.py:539} INFO - Filling up the DagBag from /opt/airflow/dags/tuyensinh_dag.py
[2024-12-16T01:15:19.106+0000] {processor.py:839} INFO - DAG(s) dict_keys(['tuyensinh_pipeline']) retrieved from /opt/airflow/dags/tuyensinh_dag.py
[2024-12-16T01:15:19.124+0000] {logging_mixin.py:151} INFO - [2024-12-16T01:15:19.124+0000] {dag.py:2915} INFO - Sync 1 DAGs
[2024-12-16T01:15:19.140+0000] {logging_mixin.py:151} INFO - [2024-12-16T01:15:19.140+0000] {dag.py:3696} INFO - Setting next_dagrun for tuyensinh_pipeline to 2024-12-16T00:00:00+00:00, run_after=2024-12-17T00:00:00+00:00
[2024-12-16T01:15:19.168+0000] {processor.py:179} INFO - Processing /opt/airflow/dags/tuyensinh_dag.py took 0.939 seconds
[2024-12-16T01:15:49.343+0000] {processor.py:157} INFO - Started process (PID=142) to work on /opt/airflow/dags/tuyensinh_dag.py
[2024-12-16T01:15:49.344+0000] {processor.py:829} INFO - Processing file /opt/airflow/dags/tuyensinh_dag.py for tasks to queue
[2024-12-16T01:15:49.346+0000] {logging_mixin.py:151} INFO - [2024-12-16T01:15:49.345+0000] {dagbag.py:539} INFO - Filling up the DagBag from /opt/airflow/dags/tuyensinh_dag.py
[2024-12-16T01:15:50.273+0000] {processor.py:839} INFO - DAG(s) dict_keys(['tuyensinh_pipeline']) retrieved from /opt/airflow/dags/tuyensinh_dag.py
[2024-12-16T01:15:50.292+0000] {logging_mixin.py:151} INFO - [2024-12-16T01:15:50.291+0000] {dag.py:2915} INFO - Sync 1 DAGs
[2024-12-16T01:15:50.308+0000] {logging_mixin.py:151} INFO - [2024-12-16T01:15:50.308+0000] {dag.py:3696} INFO - Setting next_dagrun for tuyensinh_pipeline to 2024-12-16T00:00:00+00:00, run_after=2024-12-17T00:00:00+00:00
[2024-12-16T01:15:50.328+0000] {processor.py:179} INFO - Processing /opt/airflow/dags/tuyensinh_dag.py took 0.988 seconds
[2024-12-16T01:16:20.513+0000] {processor.py:157} INFO - Started process (PID=144) to work on /opt/airflow/dags/tuyensinh_dag.py
[2024-12-16T01:16:20.514+0000] {processor.py:829} INFO - Processing file /opt/airflow/dags/tuyensinh_dag.py for tasks to queue
[2024-12-16T01:16:20.524+0000] {logging_mixin.py:151} INFO - [2024-12-16T01:16:20.523+0000] {dagbag.py:539} INFO - Filling up the DagBag from /opt/airflow/dags/tuyensinh_dag.py
[2024-12-16T01:16:21.517+0000] {processor.py:839} INFO - DAG(s) dict_keys(['tuyensinh_pipeline']) retrieved from /opt/airflow/dags/tuyensinh_dag.py
[2024-12-16T01:16:21.536+0000] {logging_mixin.py:151} INFO - [2024-12-16T01:16:21.536+0000] {dag.py:2915} INFO - Sync 1 DAGs
[2024-12-16T01:16:21.553+0000] {logging_mixin.py:151} INFO - [2024-12-16T01:16:21.553+0000] {dag.py:3696} INFO - Setting next_dagrun for tuyensinh_pipeline to 2024-12-16T00:00:00+00:00, run_after=2024-12-17T00:00:00+00:00
[2024-12-16T01:16:21.576+0000] {processor.py:179} INFO - Processing /opt/airflow/dags/tuyensinh_dag.py took 1.067 seconds
[2024-12-16T01:16:51.675+0000] {processor.py:157} INFO - Started process (PID=146) to work on /opt/airflow/dags/tuyensinh_dag.py
[2024-12-16T01:16:51.676+0000] {processor.py:829} INFO - Processing file /opt/airflow/dags/tuyensinh_dag.py for tasks to queue
[2024-12-16T01:16:51.678+0000] {logging_mixin.py:151} INFO - [2024-12-16T01:16:51.678+0000] {dagbag.py:539} INFO - Filling up the DagBag from /opt/airflow/dags/tuyensinh_dag.py
[2024-12-16T01:16:52.781+0000] {processor.py:839} INFO - DAG(s) dict_keys(['tuyensinh_pipeline']) retrieved from /opt/airflow/dags/tuyensinh_dag.py
[2024-12-16T01:16:52.803+0000] {logging_mixin.py:151} INFO - [2024-12-16T01:16:52.802+0000] {dag.py:2915} INFO - Sync 1 DAGs
[2024-12-16T01:16:52.823+0000] {logging_mixin.py:151} INFO - [2024-12-16T01:16:52.822+0000] {dag.py:3696} INFO - Setting next_dagrun for tuyensinh_pipeline to 2024-12-16T00:00:00+00:00, run_after=2024-12-17T00:00:00+00:00
[2024-12-16T01:16:52.846+0000] {processor.py:179} INFO - Processing /opt/airflow/dags/tuyensinh_dag.py took 1.173 seconds
[2024-12-16T01:17:22.985+0000] {processor.py:157} INFO - Started process (PID=148) to work on /opt/airflow/dags/tuyensinh_dag.py
[2024-12-16T01:17:22.986+0000] {processor.py:829} INFO - Processing file /opt/airflow/dags/tuyensinh_dag.py for tasks to queue
[2024-12-16T01:17:22.988+0000] {logging_mixin.py:151} INFO - [2024-12-16T01:17:22.988+0000] {dagbag.py:539} INFO - Filling up the DagBag from /opt/airflow/dags/tuyensinh_dag.py
[2024-12-16T01:17:24.007+0000] {processor.py:839} INFO - DAG(s) dict_keys(['tuyensinh_pipeline']) retrieved from /opt/airflow/dags/tuyensinh_dag.py
[2024-12-16T01:17:24.026+0000] {logging_mixin.py:151} INFO - [2024-12-16T01:17:24.025+0000] {dag.py:2915} INFO - Sync 1 DAGs
[2024-12-16T01:17:24.044+0000] {logging_mixin.py:151} INFO - [2024-12-16T01:17:24.044+0000] {dag.py:3696} INFO - Setting next_dagrun for tuyensinh_pipeline to 2024-12-16T00:00:00+00:00, run_after=2024-12-17T00:00:00+00:00
[2024-12-16T01:17:24.065+0000] {processor.py:179} INFO - Processing /opt/airflow/dags/tuyensinh_dag.py took 1.083 seconds
[2024-12-16T01:17:54.131+0000] {processor.py:157} INFO - Started process (PID=150) to work on /opt/airflow/dags/tuyensinh_dag.py
[2024-12-16T01:17:54.132+0000] {processor.py:829} INFO - Processing file /opt/airflow/dags/tuyensinh_dag.py for tasks to queue
[2024-12-16T01:17:54.134+0000] {logging_mixin.py:151} INFO - [2024-12-16T01:17:54.134+0000] {dagbag.py:539} INFO - Filling up the DagBag from /opt/airflow/dags/tuyensinh_dag.py
[2024-12-16T01:17:55.057+0000] {processor.py:839} INFO - DAG(s) dict_keys(['tuyensinh_pipeline']) retrieved from /opt/airflow/dags/tuyensinh_dag.py
[2024-12-16T01:17:55.076+0000] {logging_mixin.py:151} INFO - [2024-12-16T01:17:55.076+0000] {dag.py:2915} INFO - Sync 1 DAGs
[2024-12-16T01:17:55.093+0000] {logging_mixin.py:151} INFO - [2024-12-16T01:17:55.093+0000] {dag.py:3696} INFO - Setting next_dagrun for tuyensinh_pipeline to 2024-12-16T00:00:00+00:00, run_after=2024-12-17T00:00:00+00:00
[2024-12-16T01:17:55.115+0000] {processor.py:179} INFO - Processing /opt/airflow/dags/tuyensinh_dag.py took 0.986 seconds
[2024-12-16T01:18:25.301+0000] {processor.py:157} INFO - Started process (PID=152) to work on /opt/airflow/dags/tuyensinh_dag.py
[2024-12-16T01:18:25.302+0000] {processor.py:829} INFO - Processing file /opt/airflow/dags/tuyensinh_dag.py for tasks to queue
[2024-12-16T01:18:25.304+0000] {logging_mixin.py:151} INFO - [2024-12-16T01:18:25.304+0000] {dagbag.py:539} INFO - Filling up the DagBag from /opt/airflow/dags/tuyensinh_dag.py
[2024-12-16T01:18:26.258+0000] {processor.py:839} INFO - DAG(s) dict_keys(['tuyensinh_pipeline']) retrieved from /opt/airflow/dags/tuyensinh_dag.py
[2024-12-16T01:18:26.278+0000] {logging_mixin.py:151} INFO - [2024-12-16T01:18:26.277+0000] {dag.py:2915} INFO - Sync 1 DAGs
[2024-12-16T01:18:26.296+0000] {logging_mixin.py:151} INFO - [2024-12-16T01:18:26.295+0000] {dag.py:3696} INFO - Setting next_dagrun for tuyensinh_pipeline to 2024-12-16T00:00:00+00:00, run_after=2024-12-17T00:00:00+00:00
[2024-12-16T01:18:26.317+0000] {processor.py:179} INFO - Processing /opt/airflow/dags/tuyensinh_dag.py took 1.019 seconds
[2024-12-16T01:18:56.459+0000] {processor.py:157} INFO - Started process (PID=154) to work on /opt/airflow/dags/tuyensinh_dag.py
[2024-12-16T01:18:56.460+0000] {processor.py:829} INFO - Processing file /opt/airflow/dags/tuyensinh_dag.py for tasks to queue
[2024-12-16T01:18:56.462+0000] {logging_mixin.py:151} INFO - [2024-12-16T01:18:56.462+0000] {dagbag.py:539} INFO - Filling up the DagBag from /opt/airflow/dags/tuyensinh_dag.py
[2024-12-16T01:18:57.436+0000] {processor.py:839} INFO - DAG(s) dict_keys(['tuyensinh_pipeline']) retrieved from /opt/airflow/dags/tuyensinh_dag.py
[2024-12-16T01:18:57.457+0000] {logging_mixin.py:151} INFO - [2024-12-16T01:18:57.456+0000] {dag.py:2915} INFO - Sync 1 DAGs
[2024-12-16T01:18:57.476+0000] {logging_mixin.py:151} INFO - [2024-12-16T01:18:57.476+0000] {dag.py:3696} INFO - Setting next_dagrun for tuyensinh_pipeline to 2024-12-16T00:00:00+00:00, run_after=2024-12-17T00:00:00+00:00
[2024-12-16T01:18:57.496+0000] {processor.py:179} INFO - Processing /opt/airflow/dags/tuyensinh_dag.py took 1.039 seconds
[2024-12-16T01:19:27.617+0000] {processor.py:157} INFO - Started process (PID=156) to work on /opt/airflow/dags/tuyensinh_dag.py
[2024-12-16T01:19:27.618+0000] {processor.py:829} INFO - Processing file /opt/airflow/dags/tuyensinh_dag.py for tasks to queue
[2024-12-16T01:19:27.620+0000] {logging_mixin.py:151} INFO - [2024-12-16T01:19:27.620+0000] {dagbag.py:539} INFO - Filling up the DagBag from /opt/airflow/dags/tuyensinh_dag.py
[2024-12-16T01:19:28.551+0000] {processor.py:839} INFO - DAG(s) dict_keys(['tuyensinh_pipeline']) retrieved from /opt/airflow/dags/tuyensinh_dag.py
[2024-12-16T01:19:28.571+0000] {logging_mixin.py:151} INFO - [2024-12-16T01:19:28.570+0000] {dag.py:2915} INFO - Sync 1 DAGs
[2024-12-16T01:19:28.589+0000] {logging_mixin.py:151} INFO - [2024-12-16T01:19:28.589+0000] {dag.py:3696} INFO - Setting next_dagrun for tuyensinh_pipeline to 2024-12-16T00:00:00+00:00, run_after=2024-12-17T00:00:00+00:00
[2024-12-16T01:19:28.611+0000] {processor.py:179} INFO - Processing /opt/airflow/dags/tuyensinh_dag.py took 0.996 seconds
[2024-12-16T01:19:58.775+0000] {processor.py:157} INFO - Started process (PID=158) to work on /opt/airflow/dags/tuyensinh_dag.py
[2024-12-16T01:19:58.776+0000] {processor.py:829} INFO - Processing file /opt/airflow/dags/tuyensinh_dag.py for tasks to queue
[2024-12-16T01:19:58.778+0000] {logging_mixin.py:151} INFO - [2024-12-16T01:19:58.778+0000] {dagbag.py:539} INFO - Filling up the DagBag from /opt/airflow/dags/tuyensinh_dag.py
[2024-12-16T01:20:00.007+0000] {processor.py:839} INFO - DAG(s) dict_keys(['tuyensinh_pipeline']) retrieved from /opt/airflow/dags/tuyensinh_dag.py
[2024-12-16T01:20:00.029+0000] {logging_mixin.py:151} INFO - [2024-12-16T01:20:00.028+0000] {dag.py:2915} INFO - Sync 1 DAGs
[2024-12-16T01:20:00.050+0000] {logging_mixin.py:151} INFO - [2024-12-16T01:20:00.050+0000] {dag.py:3696} INFO - Setting next_dagrun for tuyensinh_pipeline to 2024-12-16T00:00:00+00:00, run_after=2024-12-17T00:00:00+00:00
[2024-12-16T01:20:00.071+0000] {processor.py:179} INFO - Processing /opt/airflow/dags/tuyensinh_dag.py took 1.299 seconds
[2024-12-16T01:20:30.212+0000] {processor.py:157} INFO - Started process (PID=160) to work on /opt/airflow/dags/tuyensinh_dag.py
[2024-12-16T01:20:30.213+0000] {processor.py:829} INFO - Processing file /opt/airflow/dags/tuyensinh_dag.py for tasks to queue
[2024-12-16T01:20:30.215+0000] {logging_mixin.py:151} INFO - [2024-12-16T01:20:30.215+0000] {dagbag.py:539} INFO - Filling up the DagBag from /opt/airflow/dags/tuyensinh_dag.py
[2024-12-16T01:20:31.171+0000] {processor.py:839} INFO - DAG(s) dict_keys(['tuyensinh_pipeline']) retrieved from /opt/airflow/dags/tuyensinh_dag.py
[2024-12-16T01:20:31.190+0000] {logging_mixin.py:151} INFO - [2024-12-16T01:20:31.189+0000] {dag.py:2915} INFO - Sync 1 DAGs
[2024-12-16T01:20:31.207+0000] {logging_mixin.py:151} INFO - [2024-12-16T01:20:31.207+0000] {dag.py:3696} INFO - Setting next_dagrun for tuyensinh_pipeline to 2024-12-16T00:00:00+00:00, run_after=2024-12-17T00:00:00+00:00
[2024-12-16T01:20:31.225+0000] {processor.py:179} INFO - Processing /opt/airflow/dags/tuyensinh_dag.py took 1.015 seconds
[2024-12-16T01:21:01.359+0000] {processor.py:157} INFO - Started process (PID=162) to work on /opt/airflow/dags/tuyensinh_dag.py
[2024-12-16T01:21:01.359+0000] {processor.py:829} INFO - Processing file /opt/airflow/dags/tuyensinh_dag.py for tasks to queue
[2024-12-16T01:21:01.362+0000] {logging_mixin.py:151} INFO - [2024-12-16T01:21:01.361+0000] {dagbag.py:539} INFO - Filling up the DagBag from /opt/airflow/dags/tuyensinh_dag.py
[2024-12-16T01:21:02.308+0000] {processor.py:839} INFO - DAG(s) dict_keys(['tuyensinh_pipeline']) retrieved from /opt/airflow/dags/tuyensinh_dag.py
[2024-12-16T01:21:02.327+0000] {logging_mixin.py:151} INFO - [2024-12-16T01:21:02.327+0000] {dag.py:2915} INFO - Sync 1 DAGs
[2024-12-16T01:21:02.344+0000] {logging_mixin.py:151} INFO - [2024-12-16T01:21:02.344+0000] {dag.py:3696} INFO - Setting next_dagrun for tuyensinh_pipeline to 2024-12-16T00:00:00+00:00, run_after=2024-12-17T00:00:00+00:00
[2024-12-16T01:21:02.379+0000] {processor.py:179} INFO - Processing /opt/airflow/dags/tuyensinh_dag.py took 1.022 seconds
[2024-12-16T01:21:32.522+0000] {processor.py:157} INFO - Started process (PID=164) to work on /opt/airflow/dags/tuyensinh_dag.py
[2024-12-16T01:21:32.523+0000] {processor.py:829} INFO - Processing file /opt/airflow/dags/tuyensinh_dag.py for tasks to queue
[2024-12-16T01:21:32.524+0000] {logging_mixin.py:151} INFO - [2024-12-16T01:21:32.524+0000] {dagbag.py:539} INFO - Filling up the DagBag from /opt/airflow/dags/tuyensinh_dag.py
[2024-12-16T01:21:33.466+0000] {processor.py:839} INFO - DAG(s) dict_keys(['tuyensinh_pipeline']) retrieved from /opt/airflow/dags/tuyensinh_dag.py
[2024-12-16T01:21:33.485+0000] {logging_mixin.py:151} INFO - [2024-12-16T01:21:33.484+0000] {dag.py:2915} INFO - Sync 1 DAGs
[2024-12-16T01:21:33.501+0000] {logging_mixin.py:151} INFO - [2024-12-16T01:21:33.501+0000] {dag.py:3696} INFO - Setting next_dagrun for tuyensinh_pipeline to 2024-12-16T00:00:00+00:00, run_after=2024-12-17T00:00:00+00:00
[2024-12-16T01:21:33.523+0000] {processor.py:179} INFO - Processing /opt/airflow/dags/tuyensinh_dag.py took 1.003 seconds
[2024-12-16T01:22:03.678+0000] {processor.py:157} INFO - Started process (PID=166) to work on /opt/airflow/dags/tuyensinh_dag.py
[2024-12-16T01:22:03.679+0000] {processor.py:829} INFO - Processing file /opt/airflow/dags/tuyensinh_dag.py for tasks to queue
[2024-12-16T01:22:03.681+0000] {logging_mixin.py:151} INFO - [2024-12-16T01:22:03.681+0000] {dagbag.py:539} INFO - Filling up the DagBag from /opt/airflow/dags/tuyensinh_dag.py
[2024-12-16T01:22:04.566+0000] {processor.py:839} INFO - DAG(s) dict_keys(['tuyensinh_pipeline']) retrieved from /opt/airflow/dags/tuyensinh_dag.py
[2024-12-16T01:22:04.586+0000] {logging_mixin.py:151} INFO - [2024-12-16T01:22:04.586+0000] {dag.py:2915} INFO - Sync 1 DAGs
[2024-12-16T01:22:04.604+0000] {logging_mixin.py:151} INFO - [2024-12-16T01:22:04.604+0000] {dag.py:3696} INFO - Setting next_dagrun for tuyensinh_pipeline to 2024-12-16T00:00:00+00:00, run_after=2024-12-17T00:00:00+00:00
[2024-12-16T01:22:04.622+0000] {processor.py:179} INFO - Processing /opt/airflow/dags/tuyensinh_dag.py took 0.946 seconds
[2024-12-16T01:22:34.794+0000] {processor.py:157} INFO - Started process (PID=168) to work on /opt/airflow/dags/tuyensinh_dag.py
[2024-12-16T01:22:34.795+0000] {processor.py:829} INFO - Processing file /opt/airflow/dags/tuyensinh_dag.py for tasks to queue
[2024-12-16T01:22:34.796+0000] {logging_mixin.py:151} INFO - [2024-12-16T01:22:34.796+0000] {dagbag.py:539} INFO - Filling up the DagBag from /opt/airflow/dags/tuyensinh_dag.py
[2024-12-16T01:22:35.734+0000] {processor.py:839} INFO - DAG(s) dict_keys(['tuyensinh_pipeline']) retrieved from /opt/airflow/dags/tuyensinh_dag.py
[2024-12-16T01:22:35.754+0000] {logging_mixin.py:151} INFO - [2024-12-16T01:22:35.754+0000] {dag.py:2915} INFO - Sync 1 DAGs
[2024-12-16T01:22:35.772+0000] {logging_mixin.py:151} INFO - [2024-12-16T01:22:35.771+0000] {dag.py:3696} INFO - Setting next_dagrun for tuyensinh_pipeline to 2024-12-16T00:00:00+00:00, run_after=2024-12-17T00:00:00+00:00
[2024-12-16T01:22:35.795+0000] {processor.py:179} INFO - Processing /opt/airflow/dags/tuyensinh_dag.py took 1.004 seconds
