[2024-12-15T16:31:51.954+0000] {taskinstance.py:1157} INFO - Dependencies all met for dep_context=non-requeueable deps ti=<TaskInstance: tuyensinh_pipeline.process_qna_stage1 manual__2024-12-15T16:31:44.409384+00:00 [queued]>
[2024-12-15T16:31:51.964+0000] {taskinstance.py:1157} INFO - Dependencies all met for dep_context=requeueable deps ti=<TaskInstance: tuyensinh_pipeline.process_qna_stage1 manual__2024-12-15T16:31:44.409384+00:00 [queued]>
[2024-12-15T16:31:51.965+0000] {taskinstance.py:1359} INFO - Starting attempt 1 of 1
[2024-12-15T16:31:51.983+0000] {taskinstance.py:1380} INFO - Executing <Task(PythonOperator): process_qna_stage1> on 2024-12-15 16:31:44.409384+00:00
[2024-12-15T16:31:51.996+0000] {standard_task_runner.py:57} INFO - Started process 80 to run task
[2024-12-15T16:31:52.008+0000] {standard_task_runner.py:84} INFO - Running: ['airflow', 'tasks', 'run', 'tuyensinh_pipeline', 'process_qna_stage1', 'manual__2024-12-15T16:31:44.409384+00:00', '--job-id', '21', '--raw', '--subdir', 'DAGS_FOLDER/tuyensinh_dag.py', '--cfg-path', '/tmp/tmp9883cy01']
[2024-12-15T16:31:52.011+0000] {standard_task_runner.py:85} INFO - Job 21: Subtask process_qna_stage1
[2024-12-15T16:31:52.097+0000] {task_command.py:415} INFO - Running <TaskInstance: tuyensinh_pipeline.process_qna_stage1 manual__2024-12-15T16:31:44.409384+00:00 [running]> on host c2e1e1d4ea8c
[2024-12-15T16:31:52.220+0000] {taskinstance.py:1660} INFO - Exporting env vars: AIRFLOW_CTX_DAG_OWNER='NghiaLT' AIRFLOW_CTX_DAG_ID='tuyensinh_pipeline' AIRFLOW_CTX_TASK_ID='process_qna_stage1' AIRFLOW_CTX_EXECUTION_DATE='2024-12-15T16:31:44.409384+00:00' AIRFLOW_CTX_TRY_NUMBER='1' AIRFLOW_CTX_DAG_RUN_ID='manual__2024-12-15T16:31:44.409384+00:00'
[2024-12-15T16:33:25.533+0000] {logging_mixin.py:151} INFO - Lỗi khi truy cập https://ts.hust.edu.vn/hoi-dap/co-nhung-nganh-nao-xet-khoi-a02-a: 'NoneType' object has no attribute 'get_text'
[2024-12-15T16:34:21.403+0000] {logging_mixin.py:151} INFO - Lỗi khi truy cập https://ts.hust.edu.vn/hoi-dap/ngon-ngu-lap-trinh: 'NoneType' object has no attribute 'get_text'
[2024-12-15T16:40:04.048+0000] {logging_mixin.py:151} INFO - Lỗi khi truy cập https://ts.hust.edu.vn/hoi-dap/han-cuoi-de-nop-ielts-vao-cac-khoa-lien-ket-quoc-te-la-khi-nao-a: HTTPSConnectionPool(host='ts.hust.edu.vn', port=443): Max retries exceeded with url: /hoi-dap/han-cuoi-de-nop-ielts-vao-cac-khoa-lien-ket-quoc-te-la-khi-nao-a (Caused by NewConnectionError('<urllib3.connection.HTTPSConnection object at 0x7f10af062df0>: Failed to establish a new connection: [Errno -3] Temporary failure in name resolution'))
[2024-12-15T16:40:46.367+0000] {process_utils.py:131} INFO - Sending 15 to group 80. PIDs of all processes in the group: [80]
[2024-12-15T16:41:28.978+0000] {process_utils.py:86} INFO - Sending the signal 15 to group 80
[2024-12-15T16:41:22.509+0000] {logging_mixin.py:151} INFO - Lỗi khi truy cập https://ts.hust.edu.vn/hoi-dap/cho-em-hoi-ve-cach-tinh-diem-sau-khi-quy-doi-a: HTTPSConnectionPool(host='ts.hust.edu.vn', port=443): Max retries exceeded with url: /hoi-dap/cho-em-hoi-ve-cach-tinh-diem-sau-khi-quy-doi-a (Caused by NewConnectionError('<urllib3.connection.HTTPSConnection object at 0x7f10af062e50>: Failed to establish a new connection: [Errno -3] Temporary failure in name resolution'))
[2024-12-15T16:42:10.404+0000] {taskinstance.py:1630} ERROR - Received SIGTERM. Terminating subprocesses.
[2024-12-15T16:42:21.722+0000] {logging_mixin.py:151} WARNING - Exception ignored in: <finalize object at 0x7f10aee3e680; dead>
[2024-12-15T16:42:46.360+0000] {logging_mixin.py:151} WARNING - Traceback (most recent call last):
[2024-12-15T16:43:25.252+0000] {logging_mixin.py:151} WARNING -   File "/usr/local/lib/python3.9/weakref.py", line 591, in __call__
[2024-12-15T16:43:18.409+0000] {process_utils.py:149} WARNING - process psutil.Process(pid=80, name='airflow task ru', status='disk-sleep', started='16:31:51') did not respond to SIGTERM. Trying SIGKILL
[2024-12-15T16:44:30.667+0000] {process_utils.py:86} INFO - Sending the signal 9 to group 80
[2024-12-15T16:44:38.828+0000] {logging_mixin.py:151} WARNING -     return info.func(*info.args, **(info.kwargs or {}))
