[2024-12-15T10:39:35.283+0000] {taskinstance.py:1157} INFO - Dependencies all met for dep_context=non-requeueable deps ti=<TaskInstance: tuyensinh_pipeline.process_wish_stage1 scheduled__2024-12-14T00:00:00+00:00 [queued]>
[2024-12-15T10:39:35.297+0000] {taskinstance.py:1157} INFO - Dependencies all met for dep_context=requeueable deps ti=<TaskInstance: tuyensinh_pipeline.process_wish_stage1 scheduled__2024-12-14T00:00:00+00:00 [queued]>
[2024-12-15T10:39:35.298+0000] {taskinstance.py:1359} INFO - Starting attempt 1 of 1
[2024-12-15T10:39:35.315+0000] {taskinstance.py:1380} INFO - Executing <Task(PythonOperator): process_wish_stage1> on 2024-12-14 00:00:00+00:00
[2024-12-15T10:39:35.321+0000] {standard_task_runner.py:57} INFO - Started process 72 to run task
[2024-12-15T10:39:35.325+0000] {standard_task_runner.py:84} INFO - Running: ['airflow', 'tasks', 'run', 'tuyensinh_pipeline', 'process_wish_stage1', 'scheduled__2024-12-14T00:00:00+00:00', '--job-id', '2', '--raw', '--subdir', 'DAGS_FOLDER/tuyensinh_dag.py', '--cfg-path', '/tmp/tmpbcszj7ip']
[2024-12-15T10:39:35.328+0000] {standard_task_runner.py:85} INFO - Job 2: Subtask process_wish_stage1
[2024-12-15T10:39:35.590+0000] {task_command.py:415} INFO - Running <TaskInstance: tuyensinh_pipeline.process_wish_stage1 scheduled__2024-12-14T00:00:00+00:00 [running]> on host a4387a505c06
[2024-12-15T10:39:35.678+0000] {taskinstance.py:1660} INFO - Exporting env vars: AIRFLOW_CTX_DAG_OWNER='NghiaLT' AIRFLOW_CTX_DAG_ID='tuyensinh_pipeline' AIRFLOW_CTX_TASK_ID='process_wish_stage1' AIRFLOW_CTX_EXECUTION_DATE='2024-12-14T00:00:00+00:00' AIRFLOW_CTX_TRY_NUMBER='1' AIRFLOW_CTX_DAG_RUN_ID='scheduled__2024-12-14T00:00:00+00:00'
[2024-12-15T10:39:36.352+0000] {logging_mixin.py:151} INFO - Sinh dữ liệu giai đoạn 1 thành công. Tổng: 20000 sinh viên
[2024-12-15T10:39:43.561+0000] {logging_mixin.py:151} INFO - Sinh dữ liệu giai đoạn 2 thành công. Tổng: 20000 sinh viên
[2024-12-15T10:39:43.600+0000] {python.py:194} INFO - Done. Returned value was: None
[2024-12-15T10:39:43.609+0000] {taskinstance.py:1398} INFO - Marking task as SUCCESS. dag_id=tuyensinh_pipeline, task_id=process_wish_stage1, execution_date=20241214T000000, start_date=20241215T103935, end_date=20241215T103943
[2024-12-15T10:39:43.638+0000] {local_task_job_runner.py:228} INFO - Task exited with return code 0
[2024-12-15T10:39:43.654+0000] {taskinstance.py:2776} INFO - 1 downstream tasks scheduled from follow-on schedule check
[2024-12-15T12:23:10.362+0000] {logging_mixin.py:151} INFO - Changing /opt/airflow/logs/dag_id=tuyensinh_pipeline/run_id=scheduled__2024-12-14T00:00:00+00:00/task_id=process_wish_stage1 permission to 509
[2024-12-15T12:23:10.363+0000] {logging_mixin.py:151} INFO - Failed to change /opt/airflow/logs/dag_id=tuyensinh_pipeline/run_id=scheduled__2024-12-14T00:00:00+00:00/task_id=process_wish_stage1 permission to 509: [Errno 1] Operation not permitted: '/opt/airflow/logs/dag_id=tuyensinh_pipeline/run_id=scheduled__2024-12-14T00:00:00+00:00/task_id=process_wish_stage1'
[2024-12-15T12:23:10.396+0000] {logging_mixin.py:151} INFO - Changing /opt/airflow/logs/dag_id=tuyensinh_pipeline/run_id=scheduled__2024-12-14T00:00:00+00:00/task_id=process_wish_stage1 permission to 509
[2024-12-15T12:23:10.397+0000] {logging_mixin.py:151} INFO - Failed to change /opt/airflow/logs/dag_id=tuyensinh_pipeline/run_id=scheduled__2024-12-14T00:00:00+00:00/task_id=process_wish_stage1 permission to 509: [Errno 1] Operation not permitted: '/opt/airflow/logs/dag_id=tuyensinh_pipeline/run_id=scheduled__2024-12-14T00:00:00+00:00/task_id=process_wish_stage1'
[2024-12-15T12:23:10.422+0000] {taskinstance.py:1157} INFO - Dependencies all met for dep_context=non-requeueable deps ti=<TaskInstance: tuyensinh_pipeline.process_wish_stage1 scheduled__2024-12-14T00:00:00+00:00 [queued]>
[2024-12-15T12:23:10.430+0000] {taskinstance.py:1157} INFO - Dependencies all met for dep_context=requeueable deps ti=<TaskInstance: tuyensinh_pipeline.process_wish_stage1 scheduled__2024-12-14T00:00:00+00:00 [queued]>
[2024-12-15T12:23:10.430+0000] {taskinstance.py:1359} INFO - Starting attempt 1 of 1
[2024-12-15T12:23:10.447+0000] {taskinstance.py:1380} INFO - Executing <Task(PythonOperator): process_wish_stage1> on 2024-12-14 00:00:00+00:00
[2024-12-15T12:23:10.453+0000] {standard_task_runner.py:57} INFO - Started process 72 to run task
[2024-12-15T12:23:10.456+0000] {standard_task_runner.py:84} INFO - Running: ['airflow', 'tasks', 'run', 'tuyensinh_pipeline', 'process_wish_stage1', 'scheduled__2024-12-14T00:00:00+00:00', '--job-id', '3', '--raw', '--subdir', 'DAGS_FOLDER/tuyensinh_dag.py', '--cfg-path', '/tmp/tmpy7oimtlo']
[2024-12-15T12:23:10.459+0000] {standard_task_runner.py:85} INFO - Job 3: Subtask process_wish_stage1
[2024-12-15T12:23:10.512+0000] {logging_mixin.py:151} INFO - Changing /opt/airflow/logs/dag_id=tuyensinh_pipeline/run_id=scheduled__2024-12-14T00:00:00+00:00/task_id=process_wish_stage1 permission to 509
[2024-12-15T12:23:10.513+0000] {logging_mixin.py:151} INFO - Failed to change /opt/airflow/logs/dag_id=tuyensinh_pipeline/run_id=scheduled__2024-12-14T00:00:00+00:00/task_id=process_wish_stage1 permission to 509: [Errno 1] Operation not permitted: '/opt/airflow/logs/dag_id=tuyensinh_pipeline/run_id=scheduled__2024-12-14T00:00:00+00:00/task_id=process_wish_stage1'
[2024-12-15T12:23:10.514+0000] {task_command.py:415} INFO - Running <TaskInstance: tuyensinh_pipeline.process_wish_stage1 scheduled__2024-12-14T00:00:00+00:00 [running]> on host c3a2b43d39be
[2024-12-15T12:23:10.596+0000] {taskinstance.py:1660} INFO - Exporting env vars: AIRFLOW_CTX_DAG_OWNER='NghiaLT' AIRFLOW_CTX_DAG_ID='tuyensinh_pipeline' AIRFLOW_CTX_TASK_ID='process_wish_stage1' AIRFLOW_CTX_EXECUTION_DATE='2024-12-14T00:00:00+00:00' AIRFLOW_CTX_TRY_NUMBER='1' AIRFLOW_CTX_DAG_RUN_ID='scheduled__2024-12-14T00:00:00+00:00'
[2024-12-15T12:23:11.621+0000] {logging_mixin.py:151} INFO - Sinh dữ liệu giai đoạn 1 thành công. Tổng: 20000 sinh viên
[2024-12-15T12:23:18.489+0000] {logging_mixin.py:151} INFO - Sinh dữ liệu giai đoạn 2 thành công. Tổng: 20000 sinh viên
[2024-12-15T12:23:18.530+0000] {python.py:194} INFO - Done. Returned value was: None
[2024-12-15T12:23:18.539+0000] {taskinstance.py:1398} INFO - Marking task as SUCCESS. dag_id=tuyensinh_pipeline, task_id=process_wish_stage1, execution_date=20241214T000000, start_date=20241215T122310, end_date=20241215T122318
[2024-12-15T12:23:18.583+0000] {local_task_job_runner.py:228} INFO - Task exited with return code 0
[2024-12-15T12:23:18.601+0000] {taskinstance.py:2776} INFO - 1 downstream tasks scheduled from follow-on schedule check
